# JRE version: Java(TM) SE Runtime Environment (21.0.5+9) (build 21.0.5+9-LTS-239)
# Java VM: Java HotSpot(TM) 64-Bit Server VM (21.0.5+9-LTS-239, mixed mode, emulated-client, sharing, tiered, compressed oops, compressed class ptrs, g1 gc, windows-amd64)
GC Precious Log:
 CardTable entry size: 512
 Card Set container configuration: InlinePtr #cards 5 size 8 Array Of Cards #cards 12 size 40 Howl #buckets 4 coarsen threshold 1843 Howl Bitmap #cards 512 size 80 coarsen threshold 460 Card regions per heap region 1 cards per card region 2048
 CPUs: 4 total, 4 available
 Memory: 8089M
 Large Page Support: Disabled
 NUMA Support: Disabled
 Compressed Oops: Enabled (32-bit)
 Heap Region Size: 1M
 Heap Min Capacity: 8M
 Heap Initial Capacity: 128M
 Heap Max Capacity: 2024M
 Pre-touch: Disabled
 Parallel Workers: 4
 Concurrent Workers: 1
 Concurrent Refinement Workers: 4
 Periodic GC: Disabled
Heap:
 garbage-first heap   total 95232K, used 75186K [0x0000000081800000, 0x0000000100000000)
  region size 1024K, 44 young (45056K), 5 survivors (5120K)
 Metaspace       used 54528K, committed 55488K, reserved 1114112K
  class space    used 7776K, committed 8192K, reserved 1048576K
GC Heap History (20 events):
Event: 1.573 GC heap before
{Heap before GC invocations=2 (full 0):
 garbage-first heap   total 131072K, used 35825K [0x0000000081800000, 0x0000000100000000)
  region size 1024K, 26 young (26624K), 2 survivors (2048K)
 Metaspace       used 10352K, committed 10624K, reserved 1114112K
  class space    used 1257K, committed 1408K, reserved 1048576K
}
Event: 1.583 GC heap after
{Heap after GC invocations=3 (full 0):
 garbage-first heap   total 131072K, used 12217K [0x0000000081800000, 0x0000000100000000)
  region size 1024K, 4 young (4096K), 4 survivors (4096K)
 Metaspace       used 10352K, committed 10624K, reserved 1114112K
  class space    used 1257K, committed 1408K, reserved 1048576K
}
Event: 2.891 GC heap before
{Heap before GC invocations=3 (full 0):
 garbage-first heap   total 131072K, used 65465K [0x0000000081800000, 0x0000000100000000)
  region size 1024K, 58 young (59392K), 4 survivors (4096K)
 Metaspace       used 21079K, committed 21504K, reserved 1114112K
  class space    used 2748K, committed 2944K, reserved 1048576K
}
Event: 2.903 GC heap after
{Heap after GC invocations=4 (full 0):
 garbage-first heap   total 131072K, used 16152K [0x0000000081800000, 0x0000000100000000)
  region size 1024K, 8 young (8192K), 8 survivors (8192K)
 Metaspace       used 21079K, committed 21504K, reserved 1114112K
  class space    used 2748K, committed 2944K, reserved 1048576K
}
Event: 3.312 GC heap before
{Heap before GC invocations=5 (full 0):
 garbage-first heap   total 61440K, used 51992K [0x0000000081800000, 0x0000000100000000)
  region size 1024K, 36 young (36864K), 8 survivors (8192K)
 Metaspace       used 23417K, committed 23872K, reserved 1114112K
  class space    used 3159K, committed 3392K, reserved 1048576K
}
Event: 3.326 GC heap after
{Heap after GC invocations=6 (full 0):
 garbage-first heap   total 65536K, used 19775K [0x0000000081800000, 0x0000000100000000)
  region size 1024K, 4 young (4096K), 4 survivors (4096K)
 Metaspace       used 23417K, committed 23872K, reserved 1114112K
  class space    used 3159K, committed 3392K, reserved 1048576K
}
Event: 3.715 GC heap before
{Heap before GC invocations=6 (full 0):
 garbage-first heap   total 65536K, used 50495K [0x0000000081800000, 0x0000000100000000)
  region size 1024K, 34 young (34816K), 4 survivors (4096K)
 Metaspace       used 26043K, committed 26560K, reserved 1114112K
  class space    used 3492K, committed 3712K, reserved 1048576K
}
Event: 3.721 GC heap after
{Heap after GC invocations=7 (full 0):
 garbage-first heap   total 65536K, used 19421K [0x0000000081800000, 0x0000000100000000)
  region size 1024K, 3 young (3072K), 3 survivors (3072K)
 Metaspace       used 26043K, committed 26560K, reserved 1114112K
  class space    used 3492K, committed 3712K, reserved 1048576K
}
Event: 4.428 GC heap before
{Heap before GC invocations=7 (full 0):
 garbage-first heap   total 65536K, used 51165K [0x0000000081800000, 0x0000000100000000)
  region size 1024K, 34 young (34816K), 3 survivors (3072K)
 Metaspace       used 27495K, committed 28032K, reserved 1114112K
  class space    used 3727K, committed 3968K, reserved 1048576K
}
Event: 4.439 GC heap after
{Heap after GC invocations=8 (full 0):
 garbage-first heap   total 78848K, used 21183K [0x0000000081800000, 0x0000000100000000)
  region size 1024K, 4 young (4096K), 4 survivors (4096K)
 Metaspace       used 27495K, committed 28032K, reserved 1114112K
  class space    used 3727K, committed 3968K, reserved 1048576K
}
Event: 5.585 GC heap before
{Heap before GC invocations=8 (full 0):
 garbage-first heap   total 78848K, used 64191K [0x0000000081800000, 0x0000000100000000)
  region size 1024K, 46 young (47104K), 4 survivors (4096K)
 Metaspace       used 31335K, committed 31936K, reserved 1114112K
  class space    used 4342K, committed 4608K, reserved 1048576K
}
Event: 5.597 GC heap after
{Heap after GC invocations=9 (full 0):
 garbage-first heap   total 78848K, used 24164K [0x0000000081800000, 0x0000000100000000)
  region size 1024K, 6 young (6144K), 6 survivors (6144K)
 Metaspace       used 31335K, committed 31936K, reserved 1114112K
  class space    used 4342K, committed 4608K, reserved 1048576K
}
Event: 6.128 GC heap before
{Heap before GC invocations=9 (full 0):
 garbage-first heap   total 78848K, used 47716K [0x0000000081800000, 0x0000000100000000)
  region size 1024K, 30 young (30720K), 6 survivors (6144K)
 Metaspace       used 35588K, committed 36160K, reserved 1114112K
  class space    used 4983K, committed 5248K, reserved 1048576K
}
Event: 6.141 GC heap after
{Heap after GC invocations=10 (full 0):
 garbage-first heap   total 78848K, used 26056K [0x0000000081800000, 0x0000000100000000)
  region size 1024K, 5 young (5120K), 5 survivors (5120K)
 Metaspace       used 35588K, committed 36160K, reserved 1114112K
  class space    used 4983K, committed 5248K, reserved 1048576K
}
Event: 7.122 GC heap before
{Heap before GC invocations=11 (full 0):
 garbage-first heap   total 78848K, used 65992K [0x0000000081800000, 0x0000000100000000)
  region size 1024K, 44 young (45056K), 5 survivors (5120K)
 Metaspace       used 40131K, committed 40832K, reserved 1114112K
  class space    used 5674K, committed 6016K, reserved 1048576K
}
Event: 7.137 GC heap after
{Heap after GC invocations=12 (full 0):
 garbage-first heap   total 78848K, used 28839K [0x0000000081800000, 0x0000000100000000)
  region size 1024K, 5 young (5120K), 5 survivors (5120K)
 Metaspace       used 40131K, committed 40832K, reserved 1114112K
  class space    used 5674K, committed 6016K, reserved 1048576K
}
Event: 8.415 GC heap before
{Heap before GC invocations=12 (full 0):
 garbage-first heap   total 78848K, used 66727K [0x0000000081800000, 0x0000000100000000)
  region size 1024K, 42 young (43008K), 5 survivors (5120K)
 Metaspace       used 44421K, committed 45184K, reserved 1114112K
  class space    used 6388K, committed 6720K, reserved 1048576K
}
Event: 8.443 GC heap after
{Heap after GC invocations=13 (full 0):
 garbage-first heap   total 78848K, used 31482K [0x0000000081800000, 0x0000000100000000)
  region size 1024K, 6 young (6144K), 6 survivors (6144K)
 Metaspace       used 44421K, committed 45184K, reserved 1114112K
  class space    used 6388K, committed 6720K, reserved 1048576K
}
Event: 9.441 GC heap before
{Heap before GC invocations=13 (full 0):
 garbage-first heap   total 78848K, used 67322K [0x0000000081800000, 0x0000000100000000)
  region size 1024K, 41 young (41984K), 6 survivors (6144K)
 Metaspace       used 50367K, committed 51200K, reserved 1114112K
  class space    used 7187K, committed 7552K, reserved 1048576K
}
Event: 9.467 GC heap after
{Heap after GC invocations=14 (full 0):
 garbage-first heap   total 95232K, used 36274K [0x0000000081800000, 0x0000000100000000)
  region size 1024K, 5 young (5120K), 5 survivors (5120K)
 Metaspace       used 50367K, committed 51200K, reserved 1114112K
  class space    used 7187K, committed 7552K, reserved 1048576K
}

